<?xml version="1.0" encoding="UTF-8"?>
<!-- Generated by org.testng.reporters.JUnitReportReporter -->
<testsuite skipped="0" hostname="DESKTOP-059K6UF" name="workingwithTestNG.Login" tests="5" failures="0" timestamp="2020-05-27T21:30:16 CDT" time="35.371" errors="0">
  <testcase name="TestCase5" time="6.257" classname="workingwithTestNG.Login"/>
  <system-out/>
  <testcase name="TestCase1" time="9.176" classname="workingwithTestNG.Login"/>
  <system-out/>
  <testcase name="TestCase3" time="6.134" classname="workingwithTestNG.Login"/>
  <system-out/>
  <testcase name="TestCase2" time="6.444" classname="workingwithTestNG.Login"/>
  <system-out/>
  <testcase name="TestCase4" time="7.360" classname="workingwithTestNG.Login"/>
  <system-out/>
</testsuite> <!-- workingwithTestNG.Login -->
