<?xml version="1.0" encoding="UTF-8"?>
<!-- Generated by org.testng.reporters.JUnitReportReporter -->
<testsuite skipped="0" hostname="DESKTOP-059K6UF" name="workingwithTestNG.TestNGFramework" tests="5" failures="0" timestamp="2020-05-27T21:30:16 CDT" time="35.834" errors="0">
  <testcase name="TestCase1" time="10.181" classname="workingwithTestNG.TestNGFramework"/>
  <system-out/>
  <testcase name="TestCase2" time="6.046" classname="workingwithTestNG.TestNGFramework"/>
  <system-out/>
  <testcase name="TestCase3" time="6.277" classname="workingwithTestNG.TestNGFramework"/>
  <system-out/>
  <testcase name="TestCase5" time="5.873" classname="workingwithTestNG.TestNGFramework"/>
  <system-out/>
  <testcase name="TestCase4" time="7.457" classname="workingwithTestNG.TestNGFramework"/>
  <system-out/>
</testsuite> <!-- workingwithTestNG.TestNGFramework -->
